0 info it worked if it ends with ok
1 verbose cli [ 'C:\\Development\\nodejs\\\\node.exe',
1 verbose cli   'C:\\Development\\nodejs\\node_modules\\npm\\bin\\npm-cli.js',
1 verbose cli   'start' ]
2 info using npm@1.4.28
3 info using node@v0.10.33
4 verbose node symlink C:\Development\nodejs\\node.exe
5 verbose run-script [ 'prestart', 'start', 'poststart' ]
6 info prestart MeanTodo@1.0.0
7 info start MeanTodo@1.0.0
8 verbose unsafe-perm in lifecycle true
9 info MeanTodo@1.0.0 Failed to exec start script
10 error MeanTodo@1.0.0 start: `node server.js`
10 error Exit status 8
11 error Failed at the MeanTodo@1.0.0 start script.
11 error This is most likely a problem with the MeanTodo package,
11 error not with npm itself.
11 error Tell the author that this fails on your system:
11 error     node server.js
11 error You can get their info via:
11 error     npm owner ls MeanTodo
11 error There is likely additional logging output above.
12 error System Windows_NT 6.1.7601
13 error command "C:\\Development\\nodejs\\\\node.exe" "C:\\Development\\nodejs\\node_modules\\npm\\bin\\npm-cli.js" "start"
14 error cwd c:\OSSDev\test
15 error node -v v0.10.33
16 error npm -v 1.4.28
17 error code ELIFECYCLE
18 verbose exit [ 1, true ]
